<?xml version="1.0" encoding="UTF-8"?>
<!-- Generated by org.testng.reporters.JUnitXMLReporter -->
<testsuite ignored="1" hostname="DESKTOP-T6DRP6P" failures="0" tests="3" name="Test" time="22.769" errors="0" timestamp="2025-03-14T17:46:31 IST">
  <testcase classname="testng.HRMSDemo" name="data" time="0.016"/>
  <testcase classname="testng.GoogleTest" name="googleDemo" time="7.647"/>
  <testcase classname="testng.HRMSDemo" name="login" time="22.699"/>
  <testcase classname="testng.GoogleTest" name="orangeDemo" time="0.0">
    <ignored/>
  </testcase> <!-- orangeDemo -->
</testsuite> <!-- Test -->
