<?xml version="1.0" encoding="UTF-8"?>
<!-- Generated by org.testng.reporters.JUnitXMLReporter -->
<testsuite ignored="0" hostname="DESKTOP-T6DRP6P" failures="1" tests="2" name="Test" time="0.051" errors="0" timestamp="2025-03-14T18:24:27 IST">
  <testcase classname="testng.HRMSDemo" name="data" time="0.005"/>
  <testcase classname="testng.HRMSDemo" name="login" time="0.007">
    <failure type="java.lang.NullPointerException" message="Cannot invoke &amp;quot;String.equalsIgnoreCase(String)&amp;quot; because &amp;quot;browser&amp;quot; is null">
      <![CDATA[java.lang.NullPointerException: Cannot invoke "String.equalsIgnoreCase(String)" because "browser" is null
at testng.BaseClass.invokeBrowser(BaseClass.java:20)
at testng.HRMSDemo.login(HRMSDemo.java:40)
at java.base/java.util.concurrent.ThreadPoolExecutor.runWorker(ThreadPoolExecutor.java:1136)
at java.base/java.util.concurrent.ThreadPoolExecutor$Worker.run(ThreadPoolExecutor.java:635)
at java.base/java.lang.Thread.run(Thread.java:833)
... Removed 12 stack frames]]>
    </failure>
  </testcase> <!-- login -->
</testsuite> <!-- Test -->
