<?xml version="1.0" encoding="UTF-8"?>
<testng-results ignored="0" total="1" passed="1" failed="0" skipped="0">
  <reporter-output>
  </reporter-output>
  <suite started-at="2025-03-20T09:03:47 IST" name="Default suite" finished-at="2025-03-20T09:03:59 IST" duration-ms="11825">
    <groups>
    </groups>
    <test started-at="2025-03-20T09:03:47 IST" name="Default test" finished-at="2025-03-20T09:03:59 IST" duration-ms="11825">
      <class name="selenium.AllureTest">
        <test-method is-config="true" signature="setup()[pri:0, instance:selenium.AllureTest@69e153c5]" started-at="2025-03-20T09:03:47 IST" name="setup" finished-at="2025-03-20T09:03:54 IST" duration-ms="7160" status="PASS">
          <reporter-output>
          </reporter-output>
        </test-method> <!-- setup -->
        <test-method signature="googleSearchTest()[pri:0, instance:selenium.AllureTest@69e153c5]" started-at="2025-03-20T09:03:54 IST" name="googleSearchTest" finished-at="2025-03-20T09:03:58 IST" duration-ms="3784" status="PASS">
          <reporter-output>
          </reporter-output>
        </test-method> <!-- googleSearchTest -->
        <test-method is-config="true" signature="teardown()[pri:0, instance:selenium.AllureTest@69e153c5]" started-at="2025-03-20T09:03:58 IST" name="teardown" finished-at="2025-03-20T09:03:59 IST" duration-ms="667" status="PASS">
          <reporter-output>
          </reporter-output>
        </test-method> <!-- teardown -->
      </class> <!-- selenium.AllureTest -->
    </test> <!-- Default test -->
  </suite> <!-- Default suite -->
</testng-results>
