<?xml version="1.0" encoding="UTF-8"?>
<testng-results ignored="0" total="2" passed="2" failed="0" skipped="0">
  <reporter-output>
  </reporter-output>
  <suite started-at="2025-03-14T16:05:26 IST" name="Default suite" finished-at="2025-03-14T16:05:49 IST" duration-ms="22929">
    <groups>
    </groups>
    <test started-at="2025-03-14T16:05:26 IST" name="Default test" finished-at="2025-03-14T16:05:49 IST" duration-ms="22929">
      <class name="testng.ExtentReportHRMSDemo">
        <test-method is-config="true" signature="readData()[pri:0, instance:testng.ExtentReportHRMSDemo@34b7ac2f]" started-at="2025-03-14T16:05:26 IST" name="readData" finished-at="2025-03-14T16:05:26 IST" duration-ms="543" status="PASS">
          <reporter-output>
          </reporter-output>
        </test-method> <!-- readData -->
        <test-method signature="data()[pri:0, instance:testng.ExtentReportHRMSDemo@34b7ac2f]" started-at="2025-03-14T16:05:26 IST" name="data" finished-at="2025-03-14T16:05:26 IST" duration-ms="14" status="PASS">
          <reporter-output>
          </reporter-output>
        </test-method> <!-- data -->
        <test-method signature="login()[pri:0, instance:testng.ExtentReportHRMSDemo@34b7ac2f]" started-at="2025-03-14T16:05:26 IST" name="login" finished-at="2025-03-14T16:05:49 IST" duration-ms="22279" status="PASS">
          <reporter-output>
          </reporter-output>
        </test-method> <!-- login -->
      </class> <!-- testng.ExtentReportHRMSDemo -->
    </test> <!-- Default test -->
  </suite> <!-- Default suite -->
</testng-results>
